<?xml version="1.0" encoding="UTF-8"?>
<testng-results skipped="0" failed="0" ignored="2" total="12" passed="10">
  <reporter-output>
  </reporter-output>
  <suite name="suitename" duration-ms="224" started-at="2019-09-23T22:31:47 CST" finished-at="2019-09-23T22:31:47 CST">
    <groups>
      <group name="teacher">
        <method signature="GroupsOnClass3.teacher1()[pri:0, instance:com.groups.ww.GroupsOnClass3@63753b6d]" name="teacher1" class="com.groups.ww.GroupsOnClass3"/>
        <method signature="GroupsOnClass3.teacher2()[pri:0, instance:com.groups.ww.GroupsOnClass3@63753b6d]" name="teacher2" class="com.groups.ww.GroupsOnClass3"/>
      </group> <!-- teacher -->
      <group name="stu">
        <method signature="GroupsOnClass1.stu1()[pri:0, instance:com.groups.ww.GroupsOnClass1@370736d9]" name="stu1" class="com.groups.ww.GroupsOnClass1"/>
        <method signature="GroupsOnClass1.stu2()[pri:0, instance:com.groups.ww.GroupsOnClass1@370736d9]" name="stu2" class="com.groups.ww.GroupsOnClass1"/>
        <method signature="GroupsOnClass2.stu1()[pri:0, instance:com.groups.ww.GroupsOnClass2@5f9d02cb]" name="stu1" class="com.groups.ww.GroupsOnClass2"/>
        <method signature="GroupsOnClass2.stu2()[pri:0, instance:com.groups.ww.GroupsOnClass2@5f9d02cb]" name="stu2" class="com.groups.ww.GroupsOnClass2"/>
        <method signature="GroupsOnClass1.stu1()[pri:0, instance:com.groups.ww.GroupsOnClass1@5c5a1b69]" name="stu1" class="com.groups.ww.GroupsOnClass1"/>
        <method signature="GroupsOnClass1.stu2()[pri:0, instance:com.groups.ww.GroupsOnClass1@5c5a1b69]" name="stu2" class="com.groups.ww.GroupsOnClass1"/>
        <method signature="GroupsOnClass2.stu1()[pri:0, instance:com.groups.ww.GroupsOnClass2@3701eaf6]" name="stu1" class="com.groups.ww.GroupsOnClass2"/>
        <method signature="GroupsOnClass2.stu2()[pri:0, instance:com.groups.ww.GroupsOnClass2@3701eaf6]" name="stu2" class="com.groups.ww.GroupsOnClass2"/>
      </group> <!-- stu -->
    </groups>
    <test name="runall" duration-ms="109" started-at="2019-09-23T22:31:47 CST" finished-at="2019-09-23T22:31:47 CST">
      <class name="com.groups.ww.GroupsOnClass3">
        <test-method status="PASS" signature="teacher1()[pri:0, instance:com.groups.ww.GroupsOnClass3@63753b6d]" name="teacher1" duration-ms="3" started-at="2019-09-23T22:31:47 CST" finished-at="2019-09-23T22:31:47 CST">
          <reporter-output>
          </reporter-output>
        </test-method> <!-- teacher1 -->
        <test-method status="PASS" signature="teacher2()[pri:0, instance:com.groups.ww.GroupsOnClass3@63753b6d]" name="teacher2" duration-ms="4" started-at="2019-09-23T22:31:47 CST" finished-at="2019-09-23T22:31:47 CST">
          <reporter-output>
          </reporter-output>
        </test-method> <!-- teacher2 -->
      </class> <!-- com.groups.ww.GroupsOnClass3 -->
      <class name="com.groups.ww.GroupsOnClass2">
        <test-method status="PASS" signature="stu1()[pri:0, instance:com.groups.ww.GroupsOnClass2@5f9d02cb]" name="stu1" duration-ms="2" started-at="2019-09-23T22:31:47 CST" finished-at="2019-09-23T22:31:47 CST">
          <reporter-output>
          </reporter-output>
        </test-method> <!-- stu1 -->
        <test-method status="PASS" signature="stu2()[pri:0, instance:com.groups.ww.GroupsOnClass2@5f9d02cb]" name="stu2" duration-ms="3" started-at="2019-09-23T22:31:47 CST" finished-at="2019-09-23T22:31:47 CST">
          <reporter-output>
          </reporter-output>
        </test-method> <!-- stu2 -->
      </class> <!-- com.groups.ww.GroupsOnClass2 -->
      <class name="com.groups.ww.GroupsOnClass1">
        <test-method status="PASS" signature="stu1()[pri:0, instance:com.groups.ww.GroupsOnClass1@370736d9]" name="stu1" duration-ms="14" started-at="2019-09-23T22:31:47 CST" finished-at="2019-09-23T22:31:47 CST">
          <reporter-output>
          </reporter-output>
        </test-method> <!-- stu1 -->
        <test-method status="PASS" signature="stu2()[pri:0, instance:com.groups.ww.GroupsOnClass1@370736d9]" name="stu2" duration-ms="5" started-at="2019-09-23T22:31:47 CST" finished-at="2019-09-23T22:31:47 CST">
          <reporter-output>
          </reporter-output>
        </test-method> <!-- stu2 -->
      </class> <!-- com.groups.ww.GroupsOnClass1 -->
    </test> <!-- runall -->
    <test name="onlyrunstu" duration-ms="26" started-at="2019-09-23T22:31:47 CST" finished-at="2019-09-23T22:31:47 CST">
      <class name="com.groups.ww.GroupsOnClass2">
        <test-method status="PASS" signature="stu1()[pri:0, instance:com.groups.ww.GroupsOnClass2@3701eaf6]" name="stu1" duration-ms="5" started-at="2019-09-23T22:31:47 CST" finished-at="2019-09-23T22:31:47 CST">
          <reporter-output>
          </reporter-output>
        </test-method> <!-- stu1 -->
        <test-method status="PASS" signature="stu2()[pri:0, instance:com.groups.ww.GroupsOnClass2@3701eaf6]" name="stu2" duration-ms="3" started-at="2019-09-23T22:31:47 CST" finished-at="2019-09-23T22:31:47 CST">
          <reporter-output>
          </reporter-output>
        </test-method> <!-- stu2 -->
      </class> <!-- com.groups.ww.GroupsOnClass2 -->
      <class name="com.groups.ww.GroupsOnClass1">
        <test-method status="PASS" signature="stu1()[pri:0, instance:com.groups.ww.GroupsOnClass1@5c5a1b69]" name="stu1" duration-ms="1" started-at="2019-09-23T22:31:47 CST" finished-at="2019-09-23T22:31:47 CST">
          <reporter-output>
          </reporter-output>
        </test-method> <!-- stu1 -->
        <test-method status="PASS" signature="stu2()[pri:0, instance:com.groups.ww.GroupsOnClass1@5c5a1b69]" name="stu2" duration-ms="2" started-at="2019-09-23T22:31:47 CST" finished-at="2019-09-23T22:31:47 CST">
          <reporter-output>
          </reporter-output>
        </test-method> <!-- stu2 -->
      </class> <!-- com.groups.ww.GroupsOnClass1 -->
    </test> <!-- onlyrunstu -->
  </suite> <!-- suitename -->
</testng-results>
