<?xml version="1.0" encoding="UTF-8"?>
<testng-results skipped="0" failed="0" ignored="0" total="4" passed="4">
  <reporter-output>
  </reporter-output>
  <suite name="Default suite" duration-ms="53" started-at="2019-09-23T21:09:23 CST" finished-at="2019-09-23T21:09:24 CST">
    <groups>
      <group name="server">
        <method signature="GroupOnMethod.test1()[pri:0, instance:com.groups.ww.GroupOnMethod@6ddf90b0]" name="test1" class="com.groups.ww.GroupOnMethod"/>
        <method signature="GroupOnMethod.test2()[pri:0, instance:com.groups.ww.GroupOnMethod@6ddf90b0]" name="test2" class="com.groups.ww.GroupOnMethod"/>
      </group> <!-- server -->
      <group name="client">
        <method signature="GroupOnMethod.test3()[pri:0, instance:com.groups.ww.GroupOnMethod@6ddf90b0]" name="test3" class="com.groups.ww.GroupOnMethod"/>
        <method signature="GroupOnMethod.test4()[pri:0, instance:com.groups.ww.GroupOnMethod@6ddf90b0]" name="test4" class="com.groups.ww.GroupOnMethod"/>
      </group> <!-- client -->
    </groups>
    <test name="Default test" duration-ms="53" started-at="2019-09-23T21:09:23 CST" finished-at="2019-09-23T21:09:24 CST">
      <class name="com.groups.ww.GroupOnMethod">
        <test-method status="PASS" signature="beforeGroups()[pri:0, instance:com.groups.ww.GroupOnMethod@6ddf90b0]" name="beforeGroups" is-config="true" duration-ms="6" started-at="2019-09-23T21:09:24 CST" finished-at="2019-09-23T21:09:24 CST">
          <reporter-output>
          </reporter-output>
        </test-method> <!-- beforeGroups -->
        <test-method status="PASS" signature="test1()[pri:0, instance:com.groups.ww.GroupOnMethod@6ddf90b0]" name="test1" duration-ms="5" started-at="2019-09-23T21:09:24 CST" finished-at="2019-09-23T21:09:24 CST">
          <reporter-output>
          </reporter-output>
        </test-method> <!-- test1 -->
        <test-method status="PASS" signature="test2()[pri:0, instance:com.groups.ww.GroupOnMethod@6ddf90b0]" name="test2" duration-ms="1" started-at="2019-09-23T21:09:24 CST" finished-at="2019-09-23T21:09:24 CST">
          <reporter-output>
          </reporter-output>
        </test-method> <!-- test2 -->
        <test-method status="PASS" signature="test3()[pri:0, instance:com.groups.ww.GroupOnMethod@6ddf90b0]" name="test3" duration-ms="2" started-at="2019-09-23T21:09:24 CST" finished-at="2019-09-23T21:09:24 CST">
          <reporter-output>
          </reporter-output>
        </test-method> <!-- test3 -->
        <test-method status="PASS" signature="test4()[pri:0, instance:com.groups.ww.GroupOnMethod@6ddf90b0]" name="test4" duration-ms="1" started-at="2019-09-23T21:09:24 CST" finished-at="2019-09-23T21:09:24 CST">
          <reporter-output>
          </reporter-output>
        </test-method> <!-- test4 -->
        <test-method status="PASS" signature="afterGroups()[pri:0, instance:com.groups.ww.GroupOnMethod@6ddf90b0]" name="afterGroups" is-config="true" duration-ms="0" started-at="2019-09-23T21:09:24 CST" finished-at="2019-09-23T21:09:24 CST">
          <reporter-output>
          </reporter-output>
        </test-method> <!-- afterGroups -->
      </class> <!-- com.groups.ww.GroupOnMethod -->
    </test> <!-- Default test -->
  </suite> <!-- Default suite -->
</testng-results>
