<?xml version="1.0" encoding="UTF-8"?>
<!-- Generated by org.testng.reporters.JUnitXMLReporter -->
<testsuite hostname="DESKTOP-0GRNSBL" ignored="2" name="onlyrunstu" tests="4" failures="0" timestamp="2019-09-23T22:31:47 CST" time="0.026" errors="0">
  <testcase name="stu1" time="0.001" classname="com.groups.ww.GroupsOnClass1"/>
  <testcase name="stu2" time="0.002" classname="com.groups.ww.GroupsOnClass1"/>
  <testcase name="stu1" time="0.005" classname="com.groups.ww.GroupsOnClass2"/>
  <testcase name="stu2" time="0.003" classname="com.groups.ww.GroupsOnClass2"/>
  <testcase name="teacher2" time="0.0" classname="com.groups.ww.GroupsOnClass3">
    <ignored/>
  </testcase> <!-- teacher2 -->
  <testcase name="teacher1" time="0.0" classname="com.groups.ww.GroupsOnClass3">
    <ignored/>
  </testcase> <!-- teacher1 -->
</testsuite> <!-- onlyrunstu -->
