<?xml version="1.0" encoding="UTF-8"?>
<!-- Generated by org.testng.reporters.JUnitXMLReporter -->
<testsuite hostname="DESKTOP-0GRNSBL" ignored="0" name="runall" tests="6" failures="0" timestamp="2019-09-23T22:31:47 CST" time="0.109" errors="0">
  <testcase name="stu1" time="0.014" classname="com.groups.ww.GroupsOnClass1"/>
  <testcase name="stu2" time="0.005" classname="com.groups.ww.GroupsOnClass1"/>
  <testcase name="stu1" time="0.002" classname="com.groups.ww.GroupsOnClass2"/>
  <testcase name="stu2" time="0.003" classname="com.groups.ww.GroupsOnClass2"/>
  <testcase name="teacher1" time="0.003" classname="com.groups.ww.GroupsOnClass3"/>
  <testcase name="teacher2" time="0.004" classname="com.groups.ww.GroupsOnClass3"/>
</testsuite> <!-- runall -->
